<?xml version="1.0" encoding="UTF-8"?>
<coverage generated="1655825268947" clover="3.2.0">
  <project timestamp="1655825268947" name="All files">
    <metrics statements="67" coveredstatements="65" conditionals="15" coveredconditionals="15" methods="10" coveredmethods="9" elements="92" coveredelements="89" complexity="0" loc="67" ncloc="67" packages="3" files="3" classes="3"/>
    <package name="@seedwork.domain">
      <metrics statements="18" coveredstatements="18" conditionals="4" coveredconditionals="4" methods="2" coveredmethods="2"/>
      <file name="unique-entity-id.vo.ts" path="/home/hugo/fullcycle/fullcycle-micro-videos-admin-node/src/@seedwork/domain/unique-entity-id.vo.ts">
        <metrics statements="18" coveredstatements="18" conditionals="4" coveredconditionals="4" methods="2" coveredmethods="2"/>
        <line num="1" count="1" type="stmt"/>
        <line num="2" count="1" type="stmt"/>
        <line num="3" count="1" type="stmt"/>
        <line num="4" count="1" type="stmt"/>
        <line num="5" count="1" type="stmt"/>
        <line num="6" count="1" type="cond" truecount="1" falsecount="0"/>
        <line num="7" count="21" type="cond" truecount="1" falsecount="0"/>
        <line num="8" count="21" type="stmt"/>
        <line num="9" count="21" type="stmt"/>
        <line num="10" count="1" type="stmt"/>
        <line num="11" count="1" type="cond" truecount="1" falsecount="0"/>
        <line num="12" count="21" type="stmt"/>
        <line num="13" count="21" type="cond" truecount="1" falsecount="0"/>
        <line num="14" count="1" type="stmt"/>
        <line num="15" count="1" type="stmt"/>
        <line num="16" count="21" type="stmt"/>
        <line num="17" count="1" type="stmt"/>
        <line num="18" count="1" type="stmt"/>
      </file>
    </package>
    <package name="@seedwork.errors">
      <metrics statements="6" coveredstatements="6" conditionals="1" coveredconditionals="1" methods="1" coveredmethods="1"/>
      <file name="invalid-uuid.error.ts" path="/home/hugo/fullcycle/fullcycle-micro-videos-admin-node/src/@seedwork/errors/invalid-uuid.error.ts">
        <metrics statements="6" coveredstatements="6" conditionals="1" coveredconditionals="1" methods="1" coveredmethods="1"/>
        <line num="1" count="1" type="stmt"/>
        <line num="2" count="1" type="cond" truecount="1" falsecount="0"/>
        <line num="3" count="2" type="stmt"/>
        <line num="4" count="2" type="stmt"/>
        <line num="5" count="2" type="stmt"/>
        <line num="6" count="1" type="stmt"/>
      </file>
    </package>
    <package name="category.domain.entities">
      <metrics statements="43" coveredstatements="41" conditionals="10" coveredconditionals="10" methods="7" coveredmethods="6"/>
      <file name="category.ts" path="/home/hugo/fullcycle/fullcycle-micro-videos-admin-node/src/category/domain/entities/category.ts">
        <metrics statements="43" coveredstatements="41" conditionals="10" coveredconditionals="10" methods="7" coveredmethods="6"/>
        <line num="1" count="1" type="stmt"/>
        <line num="2" count="1" type="stmt"/>
        <line num="3" count="1" type="stmt"/>
        <line num="4" count="1" type="stmt"/>
        <line num="5" count="1" type="stmt"/>
        <line num="6" count="1" type="stmt"/>
        <line num="7" count="1" type="stmt"/>
        <line num="8" count="1" type="stmt"/>
        <line num="9" count="1" type="stmt"/>
        <line num="10" count="1" type="stmt"/>
        <line num="11" count="1" type="stmt"/>
        <line num="12" count="1" type="stmt"/>
        <line num="13" count="1" type="cond" truecount="1" falsecount="0"/>
        <line num="14" count="18" type="cond" truecount="1" falsecount="0"/>
        <line num="15" count="18" type="stmt"/>
        <line num="16" count="18" type="cond" truecount="1" falsecount="0"/>
        <line num="17" count="18" type="cond" truecount="1" falsecount="0"/>
        <line num="18" count="18" type="stmt"/>
        <line num="19" count="1" type="stmt"/>
        <line num="20" count="1" type="cond" truecount="1" falsecount="0"/>
        <line num="21" count="2" type="stmt"/>
        <line num="22" count="2" type="stmt"/>
        <line num="23" count="1" type="stmt"/>
        <line num="24" count="1" type="cond" truecount="1" falsecount="0"/>
        <line num="25" count="5" type="stmt"/>
        <line num="26" count="5" type="stmt"/>
        <line num="27" count="1" type="stmt"/>
        <line num="28" count="1" type="cond" truecount="1" falsecount="0"/>
        <line num="29" count="20" type="cond" truecount="1" falsecount="0"/>
        <line num="30" count="20" type="stmt"/>
        <line num="31" count="1" type="stmt"/>
        <line num="32" count="1" type="cond" truecount="1" falsecount="0"/>
        <line num="33" count="4" type="stmt"/>
        <line num="34" count="4" type="stmt"/>
        <line num="35" count="1" type="stmt"/>
        <line num="36" count="1" type="stmt"/>
        <line num="37" count="0" type="stmt"/>
        <line num="38" count="0" type="stmt"/>
        <line num="39" count="1" type="stmt"/>
        <line num="40" count="1" type="cond" truecount="1" falsecount="0"/>
        <line num="41" count="3" type="stmt"/>
        <line num="42" count="3" type="stmt"/>
        <line num="43" count="1" type="stmt"/>
      </file>
    </package>
  </project>
</coverage>
