{"/home/renat/courses/fullcycle/fullcycle-micro-videos/src/category/domain/entities/category.ts": {"path":"/home/renat/courses/fullcycle/fullcycle-micro-videos/src/category/domain/entities/category.ts","all":false,"statementMap":{"0":{"start":{"line":1,"column":0},"end":{"line":1,"column":23}},"1":{"start":{"line":2,"column":0},"end":{"line":2,"column":37}},"2":{"start":{"line":3,"column":0},"end":{"line":3,"column":1}}},"s":{"0":1,"1":1,"2":1},"branchMap":{"0":{"type":"branch","line":2,"loc":{"start":{"line":2,"column":4},"end":{"line":2,"column":37}},"locations":[{"start":{"line":2,"column":4},"end":{"line":2,"column":37}}]}},"b":{"0":[1]},"fnMap":{"0":{"name":"Category","decl":{"start":{"line":2,"column":4},"end":{"line":2,"column":37}},"loc":{"start":{"line":2,"column":4},"end":{"line":2,"column":37}},"line":2}},"f":{"0":1}}
}
