TN:
SF:src/category/domain/entities/category.ts
FN:19,get name
FN:23,get description
FN:27,set description
FN:31,get is_active
FN:35,set is_active
FN:39,get created_at
FN:12,Category
FNF:7
FNH:6
FNDA:2,get name
FNDA:5,get description
FNDA:20,set description
FNDA:4,get is_active
FNDA:0,set is_active
FNDA:3,get created_at
FNDA:18,Category
DA:1,1
DA:2,1
DA:3,1
DA:4,1
DA:5,1
DA:6,1
DA:7,1
DA:8,1
DA:9,1
DA:10,1
DA:11,1
DA:12,1
DA:13,18
DA:14,18
DA:15,18
DA:16,18
DA:17,18
DA:18,1
DA:19,1
DA:20,2
DA:21,2
DA:22,1
DA:23,1
DA:24,5
DA:25,5
DA:26,1
DA:27,1
DA:28,20
DA:29,20
DA:30,1
DA:31,1
DA:32,4
DA:33,4
DA:34,1
DA:35,1
DA:36,0
DA:37,0
DA:38,1
DA:39,1
DA:40,3
DA:41,3
DA:42,1
LF:42
LH:40
BRDA:19,0,0,2
BRDA:23,1,0,5
BRDA:27,2,0,20
BRDA:28,3,0,15
BRDA:31,4,0,4
BRDA:39,5,0,3
BRDA:12,6,0,18
BRDA:13,7,0,17
BRDA:15,8,0,13
BRDA:16,9,0,16
BRF:10
BRH:10
end_of_record
